Determining if the pthread_create exist failed with the following output:
Change Dir: /home/chloe/liquidfun/Box2D/CMakeFiles/CMakeTmp

Run Build Command:"/usr/bin/make" "cmTC_9334d/fast"
/usr/bin/make -f CMakeFiles/cmTC_9334d.dir/build.make CMakeFiles/cmTC_9334d.dir/build
make[1]: Entering directory '/home/chloe/liquidfun/Box2D/CMakeFiles/CMakeTmp'
Building C object CMakeFiles/cmTC_9334d.dir/CheckSymbolExists.c.o
/usr/bin/cc    -o CMakeFiles/cmTC_9334d.dir/CheckSymbolExists.c.o   -c /home/chloe/liquidfun/Box2D/CMakeFiles/CMakeTmp/CheckSymbolExists.c
Linking C executable cmTC_9334d
/usr/bin/cmake -E cmake_link_script CMakeFiles/cmTC_9334d.dir/link.txt --verbose=1
/usr/bin/cc      -rdynamic CMakeFiles/cmTC_9334d.dir/CheckSymbolExists.c.o  -o cmTC_9334d 
CMakeFiles/cmTC_9334d.dir/CheckSymbolExists.c.o: In function `main':
CheckSymbolExists.c:(.text+0x1b): undefined reference to `pthread_create'
collect2: error: ld returned 1 exit status
CMakeFiles/cmTC_9334d.dir/build.make:97: recipe for target 'cmTC_9334d' failed
make[1]: *** [cmTC_9334d] Error 1
make[1]: Leaving directory '/home/chloe/liquidfun/Box2D/CMakeFiles/CMakeTmp'
Makefile:126: recipe for target 'cmTC_9334d/fast' failed
make: *** [cmTC_9334d/fast] Error 2

File /home/chloe/liquidfun/Box2D/CMakeFiles/CMakeTmp/CheckSymbolExists.c:
/* */
#include <pthread.h>

int main(int argc, char** argv)
{
  (void)argv;
#ifndef pthread_create
  return ((int*)(&pthread_create))[argc];
#else
  (void)argc;
  return 0;
#endif
}

Determining if the function pthread_create exists in the pthreads failed with the following output:
Change Dir: /home/chloe/liquidfun/Box2D/CMakeFiles/CMakeTmp

Run Build Command:"/usr/bin/make" "cmTC_9c24b/fast"
/usr/bin/make -f CMakeFiles/cmTC_9c24b.dir/build.make CMakeFiles/cmTC_9c24b.dir/build
make[1]: Entering directory '/home/chloe/liquidfun/Box2D/CMakeFiles/CMakeTmp'
Building C object CMakeFiles/cmTC_9c24b.dir/CheckFunctionExists.c.o
/usr/bin/cc   -DCHECK_FUNCTION_EXISTS=pthread_create   -o CMakeFiles/cmTC_9c24b.dir/CheckFunctionExists.c.o   -c /usr/share/cmake-3.10/Modules/CheckFunctionExists.c
Linking C executable cmTC_9c24b
/usr/bin/cmake -E cmake_link_script CMakeFiles/cmTC_9c24b.dir/link.txt --verbose=1
/usr/bin/cc  -DCHECK_FUNCTION_EXISTS=pthread_create    -rdynamic CMakeFiles/cmTC_9c24b.dir/CheckFunctionExists.c.o  -o cmTC_9c24b -lpthreads 
/usr/bin/ld: cannot find -lpthreads
collect2: error: ld returned 1 exit status
CMakeFiles/cmTC_9c24b.dir/build.make:97: recipe for target 'cmTC_9c24b' failed
make[1]: *** [cmTC_9c24b] Error 1
make[1]: Leaving directory '/home/chloe/liquidfun/Box2D/CMakeFiles/CMakeTmp'
Makefile:126: recipe for target 'cmTC_9c24b/fast' failed
make: *** [cmTC_9c24b/fast] Error 2


Determining if files usbhid.h exist failed with the following output:
Change Dir: /home/chloe/liquidfun/Box2D/CMakeFiles/CMakeTmp

Run Build Command:"/usr/bin/make" "cmTC_a3ebb/fast"
/usr/bin/make -f CMakeFiles/cmTC_a3ebb.dir/build.make CMakeFiles/cmTC_a3ebb.dir/build
make[1]: Entering directory '/home/chloe/liquidfun/Box2D/CMakeFiles/CMakeTmp'
Building C object CMakeFiles/cmTC_a3ebb.dir/CheckIncludeFiles.c.o
/usr/bin/cc   -DDEBUG=0 -Wall -Wno-long-long -Wno-variadic-macros -Wall    -o CMakeFiles/cmTC_a3ebb.dir/CheckIncludeFiles.c.o   -c /home/chloe/liquidfun/Box2D/CMakeFiles/CMakeTmp/CheckIncludeFiles.c
/home/chloe/liquidfun/Box2D/CMakeFiles/CMakeTmp/CheckIncludeFiles.c:2:10: fatal error: usbhid.h: No such file or directory
 #include <usbhid.h>
          ^~~~~~~~~~
compilation terminated.
CMakeFiles/cmTC_a3ebb.dir/build.make:65: recipe for target 'CMakeFiles/cmTC_a3ebb.dir/CheckIncludeFiles.c.o' failed
make[1]: *** [CMakeFiles/cmTC_a3ebb.dir/CheckIncludeFiles.c.o] Error 1
make[1]: Leaving directory '/home/chloe/liquidfun/Box2D/CMakeFiles/CMakeTmp'
Makefile:126: recipe for target 'cmTC_a3ebb/fast' failed
make: *** [cmTC_a3ebb/fast] Error 2

Source:
/* */
#include <usbhid.h>


int main(void){return 0;}

Determining if the function _doprnt exists failed with the following output:
Change Dir: /home/chloe/liquidfun/Box2D/CMakeFiles/CMakeTmp

Run Build Command:"/usr/bin/make" "cmTC_22c31/fast"
/usr/bin/make -f CMakeFiles/cmTC_22c31.dir/build.make CMakeFiles/cmTC_22c31.dir/build
make[1]: Entering directory '/home/chloe/liquidfun/Box2D/CMakeFiles/CMakeTmp'
Building C object CMakeFiles/cmTC_22c31.dir/CheckFunctionExists.c.o
/usr/bin/cc   -DDEBUG=0 -Wall -Wno-long-long -Wno-variadic-macros -Wall -DCHECK_FUNCTION_EXISTS=_doprnt   -o CMakeFiles/cmTC_22c31.dir/CheckFunctionExists.c.o   -c /usr/share/cmake-3.10/Modules/CheckFunctionExists.c
Linking C executable cmTC_22c31
/usr/bin/cmake -E cmake_link_script CMakeFiles/cmTC_22c31.dir/link.txt --verbose=1
/usr/bin/cc  -DDEBUG=0 -Wall -Wno-long-long -Wno-variadic-macros -Wall -DCHECK_FUNCTION_EXISTS=_doprnt    -rdynamic CMakeFiles/cmTC_22c31.dir/CheckFunctionExists.c.o  -o cmTC_22c31 -lm 
CMakeFiles/cmTC_22c31.dir/CheckFunctionExists.c.o: In function `main':
CheckFunctionExists.c:(.text+0x10): undefined reference to `_doprnt'
collect2: error: ld returned 1 exit status
CMakeFiles/cmTC_22c31.dir/build.make:97: recipe for target 'cmTC_22c31' failed
make[1]: *** [cmTC_22c31] Error 1
make[1]: Leaving directory '/home/chloe/liquidfun/Box2D/CMakeFiles/CMakeTmp'
Makefile:126: recipe for target 'cmTC_22c31/fast' failed
make: *** [cmTC_22c31/fast] Error 2


Determining if the function XParseGeometry exists failed with the following output:
Change Dir: /home/chloe/liquidfun/Box2D/CMakeFiles/CMakeTmp

Run Build Command:"/usr/bin/make" "cmTC_dcfef/fast"
/usr/bin/make -f CMakeFiles/cmTC_dcfef.dir/build.make CMakeFiles/cmTC_dcfef.dir/build
make[1]: Entering directory '/home/chloe/liquidfun/Box2D/CMakeFiles/CMakeTmp'
Building C object CMakeFiles/cmTC_dcfef.dir/CheckFunctionExists.c.o
/usr/bin/cc   -DDEBUG=0 -Wall -Wno-long-long -Wno-variadic-macros -Wall -DCHECK_FUNCTION_EXISTS=XParseGeometry   -o CMakeFiles/cmTC_dcfef.dir/CheckFunctionExists.c.o   -c /usr/share/cmake-3.10/Modules/CheckFunctionExists.c
Linking C executable cmTC_dcfef
/usr/bin/cmake -E cmake_link_script CMakeFiles/cmTC_dcfef.dir/link.txt --verbose=1
/usr/bin/cc  -DDEBUG=0 -Wall -Wno-long-long -Wno-variadic-macros -Wall -DCHECK_FUNCTION_EXISTS=XParseGeometry    -rdynamic CMakeFiles/cmTC_dcfef.dir/CheckFunctionExists.c.o  -o cmTC_dcfef -lm 
CMakeFiles/cmTC_dcfef.dir/CheckFunctionExists.c.o: In function `main':
CheckFunctionExists.c:(.text+0x10): undefined reference to `XParseGeometry'
collect2: error: ld returned 1 exit status
CMakeFiles/cmTC_dcfef.dir/build.make:97: recipe for target 'cmTC_dcfef' failed
make[1]: *** [cmTC_dcfef] Error 1
make[1]: Leaving directory '/home/chloe/liquidfun/Box2D/CMakeFiles/CMakeTmp'
Makefile:126: recipe for target 'cmTC_dcfef/fast' failed
make: *** [cmTC_dcfef/fast] Error 2


