The system is: Linux - 4.15.0-39-generic - x86_64
Compiling the C compiler identification source file "CMakeCCompilerId.c" succeeded.
Compiler: /usr/bin/cc 
Build flags: 
Id flags:  

The output was:
0


Compilation of the C compiler identification source "CMakeCCompilerId.c" produced "a.out"

The C compiler identification is GNU, found in "/home/chloe/liquidfun/Box2D/CMakeFiles/3.10.2/CompilerIdC/a.out"

Compiling the CXX compiler identification source file "CMakeCXXCompilerId.cpp" succeeded.
Compiler: /usr/bin/c++ 
Build flags: 
Id flags:  

The output was:
0


Compilation of the CXX compiler identification source "CMakeCXXCompilerId.cpp" produced "a.out"

The CXX compiler identification is GNU, found in "/home/chloe/liquidfun/Box2D/CMakeFiles/3.10.2/CompilerIdCXX/a.out"

Determining if the C compiler works passed with the following output:
Change Dir: /home/chloe/liquidfun/Box2D/CMakeFiles/CMakeTmp

Run Build Command:"/usr/bin/make" "cmTC_08fee/fast"
/usr/bin/make -f CMakeFiles/cmTC_08fee.dir/build.make CMakeFiles/cmTC_08fee.dir/build
make[1]: Entering directory '/home/chloe/liquidfun/Box2D/CMakeFiles/CMakeTmp'
Building C object CMakeFiles/cmTC_08fee.dir/testCCompiler.c.o
/usr/bin/cc    -o CMakeFiles/cmTC_08fee.dir/testCCompiler.c.o   -c /home/chloe/liquidfun/Box2D/CMakeFiles/CMakeTmp/testCCompiler.c
Linking C executable cmTC_08fee
/usr/bin/cmake -E cmake_link_script CMakeFiles/cmTC_08fee.dir/link.txt --verbose=1
/usr/bin/cc      -rdynamic CMakeFiles/cmTC_08fee.dir/testCCompiler.c.o  -o cmTC_08fee 
make[1]: Leaving directory '/home/chloe/liquidfun/Box2D/CMakeFiles/CMakeTmp'


Detecting C compiler ABI info compiled with the following output:
Change Dir: /home/chloe/liquidfun/Box2D/CMakeFiles/CMakeTmp

Run Build Command:"/usr/bin/make" "cmTC_eb86e/fast"
/usr/bin/make -f CMakeFiles/cmTC_eb86e.dir/build.make CMakeFiles/cmTC_eb86e.dir/build
make[1]: Entering directory '/home/chloe/liquidfun/Box2D/CMakeFiles/CMakeTmp'
Building C object CMakeFiles/cmTC_eb86e.dir/CMakeCCompilerABI.c.o
/usr/bin/cc    -o CMakeFiles/cmTC_eb86e.dir/CMakeCCompilerABI.c.o   -c /usr/share/cmake-3.10/Modules/CMakeCCompilerABI.c
Linking C executable cmTC_eb86e
/usr/bin/cmake -E cmake_link_script CMakeFiles/cmTC_eb86e.dir/link.txt --verbose=1
/usr/bin/cc     -v -rdynamic CMakeFiles/cmTC_eb86e.dir/CMakeCCompilerABI.c.o  -o cmTC_eb86e 
Using built-in specs.
COLLECT_GCC=/usr/bin/cc
COLLECT_LTO_WRAPPER=/usr/lib/gcc/x86_64-linux-gnu/7/lto-wrapper
OFFLOAD_TARGET_NAMES=nvptx-none
OFFLOAD_TARGET_DEFAULT=1
Target: x86_64-linux-gnu
Configured with: ../src/configure -v --with-pkgversion='Ubuntu 7.3.0-27ubuntu1~18.04' --with-bugurl=file:///usr/share/doc/gcc-7/README.Bugs --enable-languages=c,ada,c++,go,brig,d,fortran,objc,obj-c++ --prefix=/usr --with-gcc-major-version-only --program-suffix=-7 --program-prefix=x86_64-linux-gnu- --enable-shared --enable-linker-build-id --libexecdir=/usr/lib --without-included-gettext --enable-threads=posix --libdir=/usr/lib --enable-nls --with-sysroot=/ --enable-clocale=gnu --enable-libstdcxx-debug --enable-libstdcxx-time=yes --with-default-libstdcxx-abi=new --enable-gnu-unique-object --disable-vtable-verify --enable-libmpx --enable-plugin --enable-default-pie --with-system-zlib --with-target-system-zlib --enable-objc-gc=auto --enable-multiarch --disable-werror --with-arch-32=i686 --with-abi=m64 --with-multilib-list=m32,m64,mx32 --enable-multilib --with-tune=generic --enable-offload-targets=nvptx-none --without-cuda-driver --enable-checking=release --build=x86_64-linux-gnu --host=x86_64-linux-gnu --target=x86_64-linux-gnu
Thread model: posix
gcc version 7.3.0 (Ubuntu 7.3.0-27ubuntu1~18.04) 
COMPILER_PATH=/usr/lib/gcc/x86_64-linux-gnu/7/:/usr/lib/gcc/x86_64-linux-gnu/7/:/usr/lib/gcc/x86_64-linux-gnu/:/usr/lib/gcc/x86_64-linux-gnu/7/:/usr/lib/gcc/x86_64-linux-gnu/
LIBRARY_PATH=/usr/lib/gcc/x86_64-linux-gnu/7/:/usr/lib/gcc/x86_64-linux-gnu/7/../../../x86_64-linux-gnu/:/usr/lib/gcc/x86_64-linux-gnu/7/../../../../lib/:/lib/x86_64-linux-gnu/:/lib/../lib/:/usr/lib/x86_64-linux-gnu/:/usr/lib/../lib/:/usr/lib/gcc/x86_64-linux-gnu/7/../../../:/lib/:/usr/lib/
COLLECT_GCC_OPTIONS='-v' '-rdynamic' '-o' 'cmTC_eb86e' '-mtune=generic' '-march=x86-64'
 /usr/lib/gcc/x86_64-linux-gnu/7/collect2 -plugin /usr/lib/gcc/x86_64-linux-gnu/7/liblto_plugin.so -plugin-opt=/usr/lib/gcc/x86_64-linux-gnu/7/lto-wrapper -plugin-opt=-fresolution=/tmp/ccoRmxl3.res -plugin-opt=-pass-through=-lgcc -plugin-opt=-pass-through=-lgcc_s -plugin-opt=-pass-through=-lc -plugin-opt=-pass-through=-lgcc -plugin-opt=-pass-through=-lgcc_s --sysroot=/ --build-id --eh-frame-hdr -m elf_x86_64 --hash-style=gnu --as-needed -export-dynamic -dynamic-linker /lib64/ld-linux-x86-64.so.2 -pie -z now -z relro -o cmTC_eb86e /usr/lib/gcc/x86_64-linux-gnu/7/../../../x86_64-linux-gnu/Scrt1.o /usr/lib/gcc/x86_64-linux-gnu/7/../../../x86_64-linux-gnu/crti.o /usr/lib/gcc/x86_64-linux-gnu/7/crtbeginS.o -L/usr/lib/gcc/x86_64-linux-gnu/7 -L/usr/lib/gcc/x86_64-linux-gnu/7/../../../x86_64-linux-gnu -L/usr/lib/gcc/x86_64-linux-gnu/7/../../../../lib -L/lib/x86_64-linux-gnu -L/lib/../lib -L/usr/lib/x86_64-linux-gnu -L/usr/lib/../lib -L/usr/lib/gcc/x86_64-linux-gnu/7/../../.. CMakeFiles/cmTC_eb86e.dir/CMakeCCompilerABI.c.o -lgcc --push-state --as-needed -lgcc_s --pop-state -lc -lgcc --push-state --as-needed -lgcc_s --pop-state /usr/lib/gcc/x86_64-linux-gnu/7/crtendS.o /usr/lib/gcc/x86_64-linux-gnu/7/../../../x86_64-linux-gnu/crtn.o
COLLECT_GCC_OPTIONS='-v' '-rdynamic' '-o' 'cmTC_eb86e' '-mtune=generic' '-march=x86-64'
make[1]: Leaving directory '/home/chloe/liquidfun/Box2D/CMakeFiles/CMakeTmp'


Parsed C implicit link information from above output:
  link line regex: [^( *|.*[/\])(ld|CMAKE_LINK_STARTFILE-NOTFOUND|([^/\]+-)?ld|collect2)[^/\]*( |$)]
  ignore line: [Change Dir: /home/chloe/liquidfun/Box2D/CMakeFiles/CMakeTmp]
  ignore line: []
  ignore line: [Run Build Command:"/usr/bin/make" "cmTC_eb86e/fast"]
  ignore line: [/usr/bin/make -f CMakeFiles/cmTC_eb86e.dir/build.make CMakeFiles/cmTC_eb86e.dir/build]
  ignore line: [make[1]: Entering directory '/home/chloe/liquidfun/Box2D/CMakeFiles/CMakeTmp']
  ignore line: [Building C object CMakeFiles/cmTC_eb86e.dir/CMakeCCompilerABI.c.o]
  ignore line: [/usr/bin/cc    -o CMakeFiles/cmTC_eb86e.dir/CMakeCCompilerABI.c.o   -c /usr/share/cmake-3.10/Modules/CMakeCCompilerABI.c]
  ignore line: [Linking C executable cmTC_eb86e]
  ignore line: [/usr/bin/cmake -E cmake_link_script CMakeFiles/cmTC_eb86e.dir/link.txt --verbose=1]
  ignore line: [/usr/bin/cc     -v -rdynamic CMakeFiles/cmTC_eb86e.dir/CMakeCCompilerABI.c.o  -o cmTC_eb86e ]
  ignore line: [Using built-in specs.]
  ignore line: [COLLECT_GCC=/usr/bin/cc]
  ignore line: [COLLECT_LTO_WRAPPER=/usr/lib/gcc/x86_64-linux-gnu/7/lto-wrapper]
  ignore line: [OFFLOAD_TARGET_NAMES=nvptx-none]
  ignore line: [OFFLOAD_TARGET_DEFAULT=1]
  ignore line: [Target: x86_64-linux-gnu]
  ignore line: [Configured with: ../src/configure -v --with-pkgversion='Ubuntu 7.3.0-27ubuntu1~18.04' --with-bugurl=file:///usr/share/doc/gcc-7/README.Bugs --enable-languages=c,ada,c++,go,brig,d,fortran,objc,obj-c++ --prefix=/usr --with-gcc-major-version-only --program-suffix=-7 --program-prefix=x86_64-linux-gnu- --enable-shared --enable-linker-build-id --libexecdir=/usr/lib --without-included-gettext --enable-threads=posix --libdir=/usr/lib --enable-nls --with-sysroot=/ --enable-clocale=gnu --enable-libstdcxx-debug --enable-libstdcxx-time=yes --with-default-libstdcxx-abi=new --enable-gnu-unique-object --disable-vtable-verify --enable-libmpx --enable-plugin --enable-default-pie --with-system-zlib --with-target-system-zlib --enable-objc-gc=auto --enable-multiarch --disable-werror --with-arch-32=i686 --with-abi=m64 --with-multilib-list=m32,m64,mx32 --enable-multilib --with-tune=generic --enable-offload-targets=nvptx-none --without-cuda-driver --enable-checking=release --build=x86_64-linux-gnu --host=x86_64-linux-gnu --target=x86_64-linux-gnu]
  ignore line: [Thread model: posix]
  ignore line: [gcc version 7.3.0 (Ubuntu 7.3.0-27ubuntu1~18.04) ]
  ignore line: [COMPILER_PATH=/usr/lib/gcc/x86_64-linux-gnu/7/:/usr/lib/gcc/x86_64-linux-gnu/7/:/usr/lib/gcc/x86_64-linux-gnu/:/usr/lib/gcc/x86_64-linux-gnu/7/:/usr/lib/gcc/x86_64-linux-gnu/]
  ignore line: [LIBRARY_PATH=/usr/lib/gcc/x86_64-linux-gnu/7/:/usr/lib/gcc/x86_64-linux-gnu/7/../../../x86_64-linux-gnu/:/usr/lib/gcc/x86_64-linux-gnu/7/../../../../lib/:/lib/x86_64-linux-gnu/:/lib/../lib/:/usr/lib/x86_64-linux-gnu/:/usr/lib/../lib/:/usr/lib/gcc/x86_64-linux-gnu/7/../../../:/lib/:/usr/lib/]
  ignore line: [COLLECT_GCC_OPTIONS='-v' '-rdynamic' '-o' 'cmTC_eb86e' '-mtune=generic' '-march=x86-64']
  link line: [ /usr/lib/gcc/x86_64-linux-gnu/7/collect2 -plugin /usr/lib/gcc/x86_64-linux-gnu/7/liblto_plugin.so -plugin-opt=/usr/lib/gcc/x86_64-linux-gnu/7/lto-wrapper -plugin-opt=-fresolution=/tmp/ccoRmxl3.res -plugin-opt=-pass-through=-lgcc -plugin-opt=-pass-through=-lgcc_s -plugin-opt=-pass-through=-lc -plugin-opt=-pass-through=-lgcc -plugin-opt=-pass-through=-lgcc_s --sysroot=/ --build-id --eh-frame-hdr -m elf_x86_64 --hash-style=gnu --as-needed -export-dynamic -dynamic-linker /lib64/ld-linux-x86-64.so.2 -pie -z now -z relro -o cmTC_eb86e /usr/lib/gcc/x86_64-linux-gnu/7/../../../x86_64-linux-gnu/Scrt1.o /usr/lib/gcc/x86_64-linux-gnu/7/../../../x86_64-linux-gnu/crti.o /usr/lib/gcc/x86_64-linux-gnu/7/crtbeginS.o -L/usr/lib/gcc/x86_64-linux-gnu/7 -L/usr/lib/gcc/x86_64-linux-gnu/7/../../../x86_64-linux-gnu -L/usr/lib/gcc/x86_64-linux-gnu/7/../../../../lib -L/lib/x86_64-linux-gnu -L/lib/../lib -L/usr/lib/x86_64-linux-gnu -L/usr/lib/../lib -L/usr/lib/gcc/x86_64-linux-gnu/7/../../.. CMakeFiles/cmTC_eb86e.dir/CMakeCCompilerABI.c.o -lgcc --push-state --as-needed -lgcc_s --pop-state -lc -lgcc --push-state --as-needed -lgcc_s --pop-state /usr/lib/gcc/x86_64-linux-gnu/7/crtendS.o /usr/lib/gcc/x86_64-linux-gnu/7/../../../x86_64-linux-gnu/crtn.o]
    arg [/usr/lib/gcc/x86_64-linux-gnu/7/collect2] ==> ignore
    arg [-plugin] ==> ignore
    arg [/usr/lib/gcc/x86_64-linux-gnu/7/liblto_plugin.so] ==> ignore
    arg [-plugin-opt=/usr/lib/gcc/x86_64-linux-gnu/7/lto-wrapper] ==> ignore
    arg [-plugin-opt=-fresolution=/tmp/ccoRmxl3.res] ==> ignore
    arg [-plugin-opt=-pass-through=-lgcc] ==> ignore
    arg [-plugin-opt=-pass-through=-lgcc_s] ==> ignore
    arg [-plugin-opt=-pass-through=-lc] ==> ignore
    arg [-plugin-opt=-pass-through=-lgcc] ==> ignore
    arg [-plugin-opt=-pass-through=-lgcc_s] ==> ignore
    arg [--sysroot=/] ==> ignore
    arg [--build-id] ==> ignore
    arg [--eh-frame-hdr] ==> ignore
    arg [-m] ==> ignore
    arg [elf_x86_64] ==> ignore
    arg [--hash-style=gnu] ==> ignore
    arg [--as-needed] ==> ignore
    arg [-export-dynamic] ==> ignore
    arg [-dynamic-linker] ==> ignore
    arg [/lib64/ld-linux-x86-64.so.2] ==> ignore
    arg [-pie] ==> ignore
    arg [-znow] ==> ignore
    arg [-zrelro] ==> ignore
    arg [-o] ==> ignore
    arg [cmTC_eb86e] ==> ignore
    arg [/usr/lib/gcc/x86_64-linux-gnu/7/../../../x86_64-linux-gnu/Scrt1.o] ==> ignore
    arg [/usr/lib/gcc/x86_64-linux-gnu/7/../../../x86_64-linux-gnu/crti.o] ==> ignore
    arg [/usr/lib/gcc/x86_64-linux-gnu/7/crtbeginS.o] ==> ignore
    arg [-L/usr/lib/gcc/x86_64-linux-gnu/7] ==> dir [/usr/lib/gcc/x86_64-linux-gnu/7]
    arg [-L/usr/lib/gcc/x86_64-linux-gnu/7/../../../x86_64-linux-gnu] ==> dir [/usr/lib/gcc/x86_64-linux-gnu/7/../../../x86_64-linux-gnu]
    arg [-L/usr/lib/gcc/x86_64-linux-gnu/7/../../../../lib] ==> dir [/usr/lib/gcc/x86_64-linux-gnu/7/../../../../lib]
    arg [-L/lib/x86_64-linux-gnu] ==> dir [/lib/x86_64-linux-gnu]
    arg [-L/lib/../lib] ==> dir [/lib/../lib]
    arg [-L/usr/lib/x86_64-linux-gnu] ==> dir [/usr/lib/x86_64-linux-gnu]
    arg [-L/usr/lib/../lib] ==> dir [/usr/lib/../lib]
    arg [-L/usr/lib/gcc/x86_64-linux-gnu/7/../../..] ==> dir [/usr/lib/gcc/x86_64-linux-gnu/7/../../..]
    arg [CMakeFiles/cmTC_eb86e.dir/CMakeCCompilerABI.c.o] ==> ignore
    arg [-lgcc] ==> lib [gcc]
    arg [--push-state] ==> ignore
    arg [--as-needed] ==> ignore
    arg [-lgcc_s] ==> lib [gcc_s]
    arg [--pop-state] ==> ignore
    arg [-lc] ==> lib [c]
    arg [-lgcc] ==> lib [gcc]
    arg [--push-state] ==> ignore
    arg [--as-needed] ==> ignore
    arg [-lgcc_s] ==> lib [gcc_s]
    arg [--pop-state] ==> ignore
    arg [/usr/lib/gcc/x86_64-linux-gnu/7/crtendS.o] ==> ignore
    arg [/usr/lib/gcc/x86_64-linux-gnu/7/../../../x86_64-linux-gnu/crtn.o] ==> ignore
  collapse library dir [/usr/lib/gcc/x86_64-linux-gnu/7] ==> [/usr/lib/gcc/x86_64-linux-gnu/7]
  collapse library dir [/usr/lib/gcc/x86_64-linux-gnu/7/../../../x86_64-linux-gnu] ==> [/usr/lib/x86_64-linux-gnu]
  collapse library dir [/usr/lib/gcc/x86_64-linux-gnu/7/../../../../lib] ==> [/usr/lib]
  collapse library dir [/lib/x86_64-linux-gnu] ==> [/lib/x86_64-linux-gnu]
  collapse library dir [/lib/../lib] ==> [/lib]
  collapse library dir [/usr/lib/x86_64-linux-gnu] ==> [/usr/lib/x86_64-linux-gnu]
  collapse library dir [/usr/lib/../lib] ==> [/usr/lib]
  collapse library dir [/usr/lib/gcc/x86_64-linux-gnu/7/../../..] ==> [/usr/lib]
  implicit libs: [gcc;gcc_s;c;gcc;gcc_s]
  implicit dirs: [/usr/lib/gcc/x86_64-linux-gnu/7;/usr/lib/x86_64-linux-gnu;/usr/lib;/lib/x86_64-linux-gnu;/lib]
  implicit fwks: []




Detecting C [-std=c11] compiler features compiled with the following output:
Change Dir: /home/chloe/liquidfun/Box2D/CMakeFiles/CMakeTmp

Run Build Command:"/usr/bin/make" "cmTC_5744b/fast"
/usr/bin/make -f CMakeFiles/cmTC_5744b.dir/build.make CMakeFiles/cmTC_5744b.dir/build
make[1]: Entering directory '/home/chloe/liquidfun/Box2D/CMakeFiles/CMakeTmp'
Building C object CMakeFiles/cmTC_5744b.dir/feature_tests.c.o
/usr/bin/cc   -std=c11 -o CMakeFiles/cmTC_5744b.dir/feature_tests.c.o   -c /home/chloe/liquidfun/Box2D/CMakeFiles/feature_tests.c
Linking C executable cmTC_5744b
/usr/bin/cmake -E cmake_link_script CMakeFiles/cmTC_5744b.dir/link.txt --verbose=1
/usr/bin/cc      -rdynamic CMakeFiles/cmTC_5744b.dir/feature_tests.c.o  -o cmTC_5744b 
make[1]: Leaving directory '/home/chloe/liquidfun/Box2D/CMakeFiles/CMakeTmp'


    Feature record: C_FEATURE:1c_function_prototypes
    Feature record: C_FEATURE:1c_restrict
    Feature record: C_FEATURE:1c_static_assert
    Feature record: C_FEATURE:1c_variadic_macros


Detecting C [-std=c99] compiler features compiled with the following output:
Change Dir: /home/chloe/liquidfun/Box2D/CMakeFiles/CMakeTmp

Run Build Command:"/usr/bin/make" "cmTC_2a172/fast"
/usr/bin/make -f CMakeFiles/cmTC_2a172.dir/build.make CMakeFiles/cmTC_2a172.dir/build
make[1]: Entering directory '/home/chloe/liquidfun/Box2D/CMakeFiles/CMakeTmp'
Building C object CMakeFiles/cmTC_2a172.dir/feature_tests.c.o
/usr/bin/cc   -std=c99 -o CMakeFiles/cmTC_2a172.dir/feature_tests.c.o   -c /home/chloe/liquidfun/Box2D/CMakeFiles/feature_tests.c
Linking C executable cmTC_2a172
/usr/bin/cmake -E cmake_link_script CMakeFiles/cmTC_2a172.dir/link.txt --verbose=1
/usr/bin/cc      -rdynamic CMakeFiles/cmTC_2a172.dir/feature_tests.c.o  -o cmTC_2a172 
make[1]: Leaving directory '/home/chloe/liquidfun/Box2D/CMakeFiles/CMakeTmp'


    Feature record: C_FEATURE:1c_function_prototypes
    Feature record: C_FEATURE:1c_restrict
    Feature record: C_FEATURE:0c_static_assert
    Feature record: C_FEATURE:1c_variadic_macros


Detecting C [-std=c90] compiler features compiled with the following output:
Change Dir: /home/chloe/liquidfun/Box2D/CMakeFiles/CMakeTmp

Run Build Command:"/usr/bin/make" "cmTC_2ab84/fast"
/usr/bin/make -f CMakeFiles/cmTC_2ab84.dir/build.make CMakeFiles/cmTC_2ab84.dir/build
make[1]: Entering directory '/home/chloe/liquidfun/Box2D/CMakeFiles/CMakeTmp'
Building C object CMakeFiles/cmTC_2ab84.dir/feature_tests.c.o
/usr/bin/cc   -std=c90 -o CMakeFiles/cmTC_2ab84.dir/feature_tests.c.o   -c /home/chloe/liquidfun/Box2D/CMakeFiles/feature_tests.c
Linking C executable cmTC_2ab84
/usr/bin/cmake -E cmake_link_script CMakeFiles/cmTC_2ab84.dir/link.txt --verbose=1
/usr/bin/cc      -rdynamic CMakeFiles/cmTC_2ab84.dir/feature_tests.c.o  -o cmTC_2ab84 
make[1]: Leaving directory '/home/chloe/liquidfun/Box2D/CMakeFiles/CMakeTmp'


    Feature record: C_FEATURE:1c_function_prototypes
    Feature record: C_FEATURE:0c_restrict
    Feature record: C_FEATURE:0c_static_assert
    Feature record: C_FEATURE:0c_variadic_macros
Determining if the CXX compiler works passed with the following output:
Change Dir: /home/chloe/liquidfun/Box2D/CMakeFiles/CMakeTmp

Run Build Command:"/usr/bin/make" "cmTC_67670/fast"
/usr/bin/make -f CMakeFiles/cmTC_67670.dir/build.make CMakeFiles/cmTC_67670.dir/build
make[1]: Entering directory '/home/chloe/liquidfun/Box2D/CMakeFiles/CMakeTmp'
Building CXX object CMakeFiles/cmTC_67670.dir/testCXXCompiler.cxx.o
/usr/bin/c++     -o CMakeFiles/cmTC_67670.dir/testCXXCompiler.cxx.o -c /home/chloe/liquidfun/Box2D/CMakeFiles/CMakeTmp/testCXXCompiler.cxx
Linking CXX executable cmTC_67670
/usr/bin/cmake -E cmake_link_script CMakeFiles/cmTC_67670.dir/link.txt --verbose=1
/usr/bin/c++       -rdynamic CMakeFiles/cmTC_67670.dir/testCXXCompiler.cxx.o  -o cmTC_67670 
make[1]: Leaving directory '/home/chloe/liquidfun/Box2D/CMakeFiles/CMakeTmp'


Detecting CXX compiler ABI info compiled with the following output:
Change Dir: /home/chloe/liquidfun/Box2D/CMakeFiles/CMakeTmp

Run Build Command:"/usr/bin/make" "cmTC_fdde3/fast"
/usr/bin/make -f CMakeFiles/cmTC_fdde3.dir/build.make CMakeFiles/cmTC_fdde3.dir/build
make[1]: Entering directory '/home/chloe/liquidfun/Box2D/CMakeFiles/CMakeTmp'
Building CXX object CMakeFiles/cmTC_fdde3.dir/CMakeCXXCompilerABI.cpp.o
/usr/bin/c++     -o CMakeFiles/cmTC_fdde3.dir/CMakeCXXCompilerABI.cpp.o -c /usr/share/cmake-3.10/Modules/CMakeCXXCompilerABI.cpp
Linking CXX executable cmTC_fdde3
/usr/bin/cmake -E cmake_link_script CMakeFiles/cmTC_fdde3.dir/link.txt --verbose=1
/usr/bin/c++      -v -rdynamic CMakeFiles/cmTC_fdde3.dir/CMakeCXXCompilerABI.cpp.o  -o cmTC_fdde3 
Using built-in specs.
COLLECT_GCC=/usr/bin/c++
COLLECT_LTO_WRAPPER=/usr/lib/gcc/x86_64-linux-gnu/7/lto-wrapper
OFFLOAD_TARGET_NAMES=nvptx-none
OFFLOAD_TARGET_DEFAULT=1
Target: x86_64-linux-gnu
Configured with: ../src/configure -v --with-pkgversion='Ubuntu 7.3.0-27ubuntu1~18.04' --with-bugurl=file:///usr/share/doc/gcc-7/README.Bugs --enable-languages=c,ada,c++,go,brig,d,fortran,objc,obj-c++ --prefix=/usr --with-gcc-major-version-only --program-suffix=-7 --program-prefix=x86_64-linux-gnu- --enable-shared --enable-linker-build-id --libexecdir=/usr/lib --without-included-gettext --enable-threads=posix --libdir=/usr/lib --enable-nls --with-sysroot=/ --enable-clocale=gnu --enable-libstdcxx-debug --enable-libstdcxx-time=yes --with-default-libstdcxx-abi=new --enable-gnu-unique-object --disable-vtable-verify --enable-libmpx --enable-plugin --enable-default-pie --with-system-zlib --with-target-system-zlib --enable-objc-gc=auto --enable-multiarch --disable-werror --with-arch-32=i686 --with-abi=m64 --with-multilib-list=m32,m64,mx32 --enable-multilib --with-tune=generic --enable-offload-targets=nvptx-none --without-cuda-driver --enable-checking=release --build=x86_64-linux-gnu --host=x86_64-linux-gnu --target=x86_64-linux-gnu
Thread model: posix
gcc version 7.3.0 (Ubuntu 7.3.0-27ubuntu1~18.04) 
COMPILER_PATH=/usr/lib/gcc/x86_64-linux-gnu/7/:/usr/lib/gcc/x86_64-linux-gnu/7/:/usr/lib/gcc/x86_64-linux-gnu/:/usr/lib/gcc/x86_64-linux-gnu/7/:/usr/lib/gcc/x86_64-linux-gnu/
LIBRARY_PATH=/usr/lib/gcc/x86_64-linux-gnu/7/:/usr/lib/gcc/x86_64-linux-gnu/7/../../../x86_64-linux-gnu/:/usr/lib/gcc/x86_64-linux-gnu/7/../../../../lib/:/lib/x86_64-linux-gnu/:/lib/../lib/:/usr/lib/x86_64-linux-gnu/:/usr/lib/../lib/:/usr/lib/gcc/x86_64-linux-gnu/7/../../../:/lib/:/usr/lib/
COLLECT_GCC_OPTIONS='-v' '-rdynamic' '-o' 'cmTC_fdde3' '-shared-libgcc' '-mtune=generic' '-march=x86-64'
 /usr/lib/gcc/x86_64-linux-gnu/7/collect2 -plugin /usr/lib/gcc/x86_64-linux-gnu/7/liblto_plugin.so -plugin-opt=/usr/lib/gcc/x86_64-linux-gnu/7/lto-wrapper -plugin-opt=-fresolution=/tmp/ccPkcrhU.res -plugin-opt=-pass-through=-lgcc_s -plugin-opt=-pass-through=-lgcc -plugin-opt=-pass-through=-lc -plugin-opt=-pass-through=-lgcc_s -plugin-opt=-pass-through=-lgcc --sysroot=/ --build-id --eh-frame-hdr -m elf_x86_64 --hash-style=gnu --as-needed -export-dynamic -dynamic-linker /lib64/ld-linux-x86-64.so.2 -pie -z now -z relro -o cmTC_fdde3 /usr/lib/gcc/x86_64-linux-gnu/7/../../../x86_64-linux-gnu/Scrt1.o /usr/lib/gcc/x86_64-linux-gnu/7/../../../x86_64-linux-gnu/crti.o /usr/lib/gcc/x86_64-linux-gnu/7/crtbeginS.o -L/usr/lib/gcc/x86_64-linux-gnu/7 -L/usr/lib/gcc/x86_64-linux-gnu/7/../../../x86_64-linux-gnu -L/usr/lib/gcc/x86_64-linux-gnu/7/../../../../lib -L/lib/x86_64-linux-gnu -L/lib/../lib -L/usr/lib/x86_64-linux-gnu -L/usr/lib/../lib -L/usr/lib/gcc/x86_64-linux-gnu/7/../../.. CMakeFiles/cmTC_fdde3.dir/CMakeCXXCompilerABI.cpp.o -lstdc++ -lm -lgcc_s -lgcc -lc -lgcc_s -lgcc /usr/lib/gcc/x86_64-linux-gnu/7/crtendS.o /usr/lib/gcc/x86_64-linux-gnu/7/../../../x86_64-linux-gnu/crtn.o
COLLECT_GCC_OPTIONS='-v' '-rdynamic' '-o' 'cmTC_fdde3' '-shared-libgcc' '-mtune=generic' '-march=x86-64'
make[1]: Leaving directory '/home/chloe/liquidfun/Box2D/CMakeFiles/CMakeTmp'


Parsed CXX implicit link information from above output:
  link line regex: [^( *|.*[/\])(ld|CMAKE_LINK_STARTFILE-NOTFOUND|([^/\]+-)?ld|collect2)[^/\]*( |$)]
  ignore line: [Change Dir: /home/chloe/liquidfun/Box2D/CMakeFiles/CMakeTmp]
  ignore line: []
  ignore line: [Run Build Command:"/usr/bin/make" "cmTC_fdde3/fast"]
  ignore line: [/usr/bin/make -f CMakeFiles/cmTC_fdde3.dir/build.make CMakeFiles/cmTC_fdde3.dir/build]
  ignore line: [make[1]: Entering directory '/home/chloe/liquidfun/Box2D/CMakeFiles/CMakeTmp']
  ignore line: [Building CXX object CMakeFiles/cmTC_fdde3.dir/CMakeCXXCompilerABI.cpp.o]
  ignore line: [/usr/bin/c++     -o CMakeFiles/cmTC_fdde3.dir/CMakeCXXCompilerABI.cpp.o -c /usr/share/cmake-3.10/Modules/CMakeCXXCompilerABI.cpp]
  ignore line: [Linking CXX executable cmTC_fdde3]
  ignore line: [/usr/bin/cmake -E cmake_link_script CMakeFiles/cmTC_fdde3.dir/link.txt --verbose=1]
  ignore line: [/usr/bin/c++      -v -rdynamic CMakeFiles/cmTC_fdde3.dir/CMakeCXXCompilerABI.cpp.o  -o cmTC_fdde3 ]
  ignore line: [Using built-in specs.]
  ignore line: [COLLECT_GCC=/usr/bin/c++]
  ignore line: [COLLECT_LTO_WRAPPER=/usr/lib/gcc/x86_64-linux-gnu/7/lto-wrapper]
  ignore line: [OFFLOAD_TARGET_NAMES=nvptx-none]
  ignore line: [OFFLOAD_TARGET_DEFAULT=1]
  ignore line: [Target: x86_64-linux-gnu]
  ignore line: [Configured with: ../src/configure -v --with-pkgversion='Ubuntu 7.3.0-27ubuntu1~18.04' --with-bugurl=file:///usr/share/doc/gcc-7/README.Bugs --enable-languages=c,ada,c++,go,brig,d,fortran,objc,obj-c++ --prefix=/usr --with-gcc-major-version-only --program-suffix=-7 --program-prefix=x86_64-linux-gnu- --enable-shared --enable-linker-build-id --libexecdir=/usr/lib --without-included-gettext --enable-threads=posix --libdir=/usr/lib --enable-nls --with-sysroot=/ --enable-clocale=gnu --enable-libstdcxx-debug --enable-libstdcxx-time=yes --with-default-libstdcxx-abi=new --enable-gnu-unique-object --disable-vtable-verify --enable-libmpx --enable-plugin --enable-default-pie --with-system-zlib --with-target-system-zlib --enable-objc-gc=auto --enable-multiarch --disable-werror --with-arch-32=i686 --with-abi=m64 --with-multilib-list=m32,m64,mx32 --enable-multilib --with-tune=generic --enable-offload-targets=nvptx-none --without-cuda-driver --enable-checking=release --build=x86_64-linux-gnu --host=x86_64-linux-gnu --target=x86_64-linux-gnu]
  ignore line: [Thread model: posix]
  ignore line: [gcc version 7.3.0 (Ubuntu 7.3.0-27ubuntu1~18.04) ]
  ignore line: [COMPILER_PATH=/usr/lib/gcc/x86_64-linux-gnu/7/:/usr/lib/gcc/x86_64-linux-gnu/7/:/usr/lib/gcc/x86_64-linux-gnu/:/usr/lib/gcc/x86_64-linux-gnu/7/:/usr/lib/gcc/x86_64-linux-gnu/]
  ignore line: [LIBRARY_PATH=/usr/lib/gcc/x86_64-linux-gnu/7/:/usr/lib/gcc/x86_64-linux-gnu/7/../../../x86_64-linux-gnu/:/usr/lib/gcc/x86_64-linux-gnu/7/../../../../lib/:/lib/x86_64-linux-gnu/:/lib/../lib/:/usr/lib/x86_64-linux-gnu/:/usr/lib/../lib/:/usr/lib/gcc/x86_64-linux-gnu/7/../../../:/lib/:/usr/lib/]
  ignore line: [COLLECT_GCC_OPTIONS='-v' '-rdynamic' '-o' 'cmTC_fdde3' '-shared-libgcc' '-mtune=generic' '-march=x86-64']
  link line: [ /usr/lib/gcc/x86_64-linux-gnu/7/collect2 -plugin /usr/lib/gcc/x86_64-linux-gnu/7/liblto_plugin.so -plugin-opt=/usr/lib/gcc/x86_64-linux-gnu/7/lto-wrapper -plugin-opt=-fresolution=/tmp/ccPkcrhU.res -plugin-opt=-pass-through=-lgcc_s -plugin-opt=-pass-through=-lgcc -plugin-opt=-pass-through=-lc -plugin-opt=-pass-through=-lgcc_s -plugin-opt=-pass-through=-lgcc --sysroot=/ --build-id --eh-frame-hdr -m elf_x86_64 --hash-style=gnu --as-needed -export-dynamic -dynamic-linker /lib64/ld-linux-x86-64.so.2 -pie -z now -z relro -o cmTC_fdde3 /usr/lib/gcc/x86_64-linux-gnu/7/../../../x86_64-linux-gnu/Scrt1.o /usr/lib/gcc/x86_64-linux-gnu/7/../../../x86_64-linux-gnu/crti.o /usr/lib/gcc/x86_64-linux-gnu/7/crtbeginS.o -L/usr/lib/gcc/x86_64-linux-gnu/7 -L/usr/lib/gcc/x86_64-linux-gnu/7/../../../x86_64-linux-gnu -L/usr/lib/gcc/x86_64-linux-gnu/7/../../../../lib -L/lib/x86_64-linux-gnu -L/lib/../lib -L/usr/lib/x86_64-linux-gnu -L/usr/lib/../lib -L/usr/lib/gcc/x86_64-linux-gnu/7/../../.. CMakeFiles/cmTC_fdde3.dir/CMakeCXXCompilerABI.cpp.o -lstdc++ -lm -lgcc_s -lgcc -lc -lgcc_s -lgcc /usr/lib/gcc/x86_64-linux-gnu/7/crtendS.o /usr/lib/gcc/x86_64-linux-gnu/7/../../../x86_64-linux-gnu/crtn.o]
    arg [/usr/lib/gcc/x86_64-linux-gnu/7/collect2] ==> ignore
    arg [-plugin] ==> ignore
    arg [/usr/lib/gcc/x86_64-linux-gnu/7/liblto_plugin.so] ==> ignore
    arg [-plugin-opt=/usr/lib/gcc/x86_64-linux-gnu/7/lto-wrapper] ==> ignore
    arg [-plugin-opt=-fresolution=/tmp/ccPkcrhU.res] ==> ignore
    arg [-plugin-opt=-pass-through=-lgcc_s] ==> ignore
    arg [-plugin-opt=-pass-through=-lgcc] ==> ignore
    arg [-plugin-opt=-pass-through=-lc] ==> ignore
    arg [-plugin-opt=-pass-through=-lgcc_s] ==> ignore
    arg [-plugin-opt=-pass-through=-lgcc] ==> ignore
    arg [--sysroot=/] ==> ignore
    arg [--build-id] ==> ignore
    arg [--eh-frame-hdr] ==> ignore
    arg [-m] ==> ignore
    arg [elf_x86_64] ==> ignore
    arg [--hash-style=gnu] ==> ignore
    arg [--as-needed] ==> ignore
    arg [-export-dynamic] ==> ignore
    arg [-dynamic-linker] ==> ignore
    arg [/lib64/ld-linux-x86-64.so.2] ==> ignore
    arg [-pie] ==> ignore
    arg [-znow] ==> ignore
    arg [-zrelro] ==> ignore
    arg [-o] ==> ignore
    arg [cmTC_fdde3] ==> ignore
    arg [/usr/lib/gcc/x86_64-linux-gnu/7/../../../x86_64-linux-gnu/Scrt1.o] ==> ignore
    arg [/usr/lib/gcc/x86_64-linux-gnu/7/../../../x86_64-linux-gnu/crti.o] ==> ignore
    arg [/usr/lib/gcc/x86_64-linux-gnu/7/crtbeginS.o] ==> ignore
    arg [-L/usr/lib/gcc/x86_64-linux-gnu/7] ==> dir [/usr/lib/gcc/x86_64-linux-gnu/7]
    arg [-L/usr/lib/gcc/x86_64-linux-gnu/7/../../../x86_64-linux-gnu] ==> dir [/usr/lib/gcc/x86_64-linux-gnu/7/../../../x86_64-linux-gnu]
    arg [-L/usr/lib/gcc/x86_64-linux-gnu/7/../../../../lib] ==> dir [/usr/lib/gcc/x86_64-linux-gnu/7/../../../../lib]
    arg [-L/lib/x86_64-linux-gnu] ==> dir [/lib/x86_64-linux-gnu]
    arg [-L/lib/../lib] ==> dir [/lib/../lib]
    arg [-L/usr/lib/x86_64-linux-gnu] ==> dir [/usr/lib/x86_64-linux-gnu]
    arg [-L/usr/lib/../lib] ==> dir [/usr/lib/../lib]
    arg [-L/usr/lib/gcc/x86_64-linux-gnu/7/../../..] ==> dir [/usr/lib/gcc/x86_64-linux-gnu/7/../../..]
    arg [CMakeFiles/cmTC_fdde3.dir/CMakeCXXCompilerABI.cpp.o] ==> ignore
    arg [-lstdc++] ==> lib [stdc++]
    arg [-lm] ==> lib [m]
    arg [-lgcc_s] ==> lib [gcc_s]
    arg [-lgcc] ==> lib [gcc]
    arg [-lc] ==> lib [c]
    arg [-lgcc_s] ==> lib [gcc_s]
    arg [-lgcc] ==> lib [gcc]
    arg [/usr/lib/gcc/x86_64-linux-gnu/7/crtendS.o] ==> ignore
    arg [/usr/lib/gcc/x86_64-linux-gnu/7/../../../x86_64-linux-gnu/crtn.o] ==> ignore
  collapse library dir [/usr/lib/gcc/x86_64-linux-gnu/7] ==> [/usr/lib/gcc/x86_64-linux-gnu/7]
  collapse library dir [/usr/lib/gcc/x86_64-linux-gnu/7/../../../x86_64-linux-gnu] ==> [/usr/lib/x86_64-linux-gnu]
  collapse library dir [/usr/lib/gcc/x86_64-linux-gnu/7/../../../../lib] ==> [/usr/lib]
  collapse library dir [/lib/x86_64-linux-gnu] ==> [/lib/x86_64-linux-gnu]
  collapse library dir [/lib/../lib] ==> [/lib]
  collapse library dir [/usr/lib/x86_64-linux-gnu] ==> [/usr/lib/x86_64-linux-gnu]
  collapse library dir [/usr/lib/../lib] ==> [/usr/lib]
  collapse library dir [/usr/lib/gcc/x86_64-linux-gnu/7/../../..] ==> [/usr/lib]
  implicit libs: [stdc++;m;gcc_s;gcc;c;gcc_s;gcc]
  implicit dirs: [/usr/lib/gcc/x86_64-linux-gnu/7;/usr/lib/x86_64-linux-gnu;/usr/lib;/lib/x86_64-linux-gnu;/lib]
  implicit fwks: []




Detecting CXX [-std=c++1z] compiler features compiled with the following output:
Change Dir: /home/chloe/liquidfun/Box2D/CMakeFiles/CMakeTmp

Run Build Command:"/usr/bin/make" "cmTC_a0dde/fast"
/usr/bin/make -f CMakeFiles/cmTC_a0dde.dir/build.make CMakeFiles/cmTC_a0dde.dir/build
make[1]: Entering directory '/home/chloe/liquidfun/Box2D/CMakeFiles/CMakeTmp'
Building CXX object CMakeFiles/cmTC_a0dde.dir/feature_tests.cxx.o
/usr/bin/c++    -std=c++1z -o CMakeFiles/cmTC_a0dde.dir/feature_tests.cxx.o -c /home/chloe/liquidfun/Box2D/CMakeFiles/feature_tests.cxx
Linking CXX executable cmTC_a0dde
/usr/bin/cmake -E cmake_link_script CMakeFiles/cmTC_a0dde.dir/link.txt --verbose=1
/usr/bin/c++       -rdynamic CMakeFiles/cmTC_a0dde.dir/feature_tests.cxx.o  -o cmTC_a0dde 
make[1]: Leaving directory '/home/chloe/liquidfun/Box2D/CMakeFiles/CMakeTmp'


    Feature record: CXX_FEATURE:1cxx_aggregate_default_initializers
    Feature record: CXX_FEATURE:1cxx_alias_templates
    Feature record: CXX_FEATURE:1cxx_alignas
    Feature record: CXX_FEATURE:1cxx_alignof
    Feature record: CXX_FEATURE:1cxx_attributes
    Feature record: CXX_FEATURE:1cxx_attribute_deprecated
    Feature record: CXX_FEATURE:1cxx_auto_type
    Feature record: CXX_FEATURE:1cxx_binary_literals
    Feature record: CXX_FEATURE:1cxx_constexpr
    Feature record: CXX_FEATURE:1cxx_contextual_conversions
    Feature record: CXX_FEATURE:1cxx_decltype
    Feature record: CXX_FEATURE:1cxx_decltype_auto
    Feature record: CXX_FEATURE:1cxx_decltype_incomplete_return_types
    Feature record: CXX_FEATURE:1cxx_default_function_template_args
    Feature record: CXX_FEATURE:1cxx_defaulted_functions
    Feature record: CXX_FEATURE:1cxx_defaulted_move_initializers
    Feature record: CXX_FEATURE:1cxx_delegating_constructors
    Feature record: CXX_FEATURE:1cxx_deleted_functions
    Feature record: CXX_FEATURE:1cxx_digit_separators
    Feature record: CXX_FEATURE:1cxx_enum_forward_declarations
    Feature record: CXX_FEATURE:1cxx_explicit_conversions
    Feature record: CXX_FEATURE:1cxx_extended_friend_declarations
    Feature record: CXX_FEATURE:1cxx_extern_templates
    Feature record: CXX_FEATURE:1cxx_final
    Feature record: CXX_FEATURE:1cxx_func_identifier
    Feature record: CXX_FEATURE:1cxx_generalized_initializers
    Feature record: CXX_FEATURE:1cxx_generic_lambdas
    Feature record: CXX_FEATURE:1cxx_inheriting_constructors
    Feature record: CXX_FEATURE:1cxx_inline_namespaces
    Feature record: CXX_FEATURE:1cxx_lambdas
    Feature record: CXX_FEATURE:1cxx_lambda_init_captures
    Feature record: CXX_FEATURE:1cxx_local_type_template_args
    Feature record: CXX_FEATURE:1cxx_long_long_type
    Feature record: CXX_FEATURE:1cxx_noexcept
    Feature record: CXX_FEATURE:1cxx_nonstatic_member_init
    Feature record: CXX_FEATURE:1cxx_nullptr
    Feature record: CXX_FEATURE:1cxx_override
    Feature record: CXX_FEATURE:1cxx_range_for
    Feature record: CXX_FEATURE:1cxx_raw_string_literals
    Feature record: CXX_FEATURE:1cxx_reference_qualified_functions
    Feature record: CXX_FEATURE:1cxx_relaxed_constexpr
    Feature record: CXX_FEATURE:1cxx_return_type_deduction
    Feature record: CXX_FEATURE:1cxx_right_angle_brackets
    Feature record: CXX_FEATURE:1cxx_rvalue_references
    Feature record: CXX_FEATURE:1cxx_sizeof_member
    Feature record: CXX_FEATURE:1cxx_static_assert
    Feature record: CXX_FEATURE:1cxx_strong_enums
    Feature record: CXX_FEATURE:1cxx_template_template_parameters
    Feature record: CXX_FEATURE:1cxx_thread_local
    Feature record: CXX_FEATURE:1cxx_trailing_return_types
    Feature record: CXX_FEATURE:1cxx_unicode_literals
    Feature record: CXX_FEATURE:1cxx_uniform_initialization
    Feature record: CXX_FEATURE:1cxx_unrestricted_unions
    Feature record: CXX_FEATURE:1cxx_user_literals
    Feature record: CXX_FEATURE:1cxx_variable_templates
    Feature record: CXX_FEATURE:1cxx_variadic_macros
    Feature record: CXX_FEATURE:1cxx_variadic_templates


Detecting CXX [-std=c++14] compiler features compiled with the following output:
Change Dir: /home/chloe/liquidfun/Box2D/CMakeFiles/CMakeTmp

Run Build Command:"/usr/bin/make" "cmTC_6dad6/fast"
/usr/bin/make -f CMakeFiles/cmTC_6dad6.dir/build.make CMakeFiles/cmTC_6dad6.dir/build
make[1]: Entering directory '/home/chloe/liquidfun/Box2D/CMakeFiles/CMakeTmp'
Building CXX object CMakeFiles/cmTC_6dad6.dir/feature_tests.cxx.o
/usr/bin/c++    -std=c++14 -o CMakeFiles/cmTC_6dad6.dir/feature_tests.cxx.o -c /home/chloe/liquidfun/Box2D/CMakeFiles/feature_tests.cxx
Linking CXX executable cmTC_6dad6
/usr/bin/cmake -E cmake_link_script CMakeFiles/cmTC_6dad6.dir/link.txt --verbose=1
/usr/bin/c++       -rdynamic CMakeFiles/cmTC_6dad6.dir/feature_tests.cxx.o  -o cmTC_6dad6 
make[1]: Leaving directory '/home/chloe/liquidfun/Box2D/CMakeFiles/CMakeTmp'


    Feature record: CXX_FEATURE:1cxx_aggregate_default_initializers
    Feature record: CXX_FEATURE:1cxx_alias_templates
    Feature record: CXX_FEATURE:1cxx_alignas
    Feature record: CXX_FEATURE:1cxx_alignof
    Feature record: CXX_FEATURE:1cxx_attributes
    Feature record: CXX_FEATURE:1cxx_attribute_deprecated
    Feature record: CXX_FEATURE:1cxx_auto_type
    Feature record: CXX_FEATURE:1cxx_binary_literals
    Feature record: CXX_FEATURE:1cxx_constexpr
    Feature record: CXX_FEATURE:1cxx_contextual_conversions
    Feature record: CXX_FEATURE:1cxx_decltype
    Feature record: CXX_FEATURE:1cxx_decltype_auto
    Feature record: CXX_FEATURE:1cxx_decltype_incomplete_return_types
    Feature record: CXX_FEATURE:1cxx_default_function_template_args
    Feature record: CXX_FEATURE:1cxx_defaulted_functions
    Feature record: CXX_FEATURE:1cxx_defaulted_move_initializers
    Feature record: CXX_FEATURE:1cxx_delegating_constructors
    Feature record: CXX_FEATURE:1cxx_deleted_functions
    Feature record: CXX_FEATURE:1cxx_digit_separators
    Feature record: CXX_FEATURE:1cxx_enum_forward_declarations
    Feature record: CXX_FEATURE:1cxx_explicit_conversions
    Feature record: CXX_FEATURE:1cxx_extended_friend_declarations
    Feature record: CXX_FEATURE:1cxx_extern_templates
    Feature record: CXX_FEATURE:1cxx_final
    Feature record: CXX_FEATURE:1cxx_func_identifier
    Feature record: CXX_FEATURE:1cxx_generalized_initializers
    Feature record: CXX_FEATURE:1cxx_generic_lambdas
    Feature record: CXX_FEATURE:1cxx_inheriting_constructors
    Feature record: CXX_FEATURE:1cxx_inline_namespaces
    Feature record: CXX_FEATURE:1cxx_lambdas
    Feature record: CXX_FEATURE:1cxx_lambda_init_captures
    Feature record: CXX_FEATURE:1cxx_local_type_template_args
    Feature record: CXX_FEATURE:1cxx_long_long_type
    Feature record: CXX_FEATURE:1cxx_noexcept
    Feature record: CXX_FEATURE:1cxx_nonstatic_member_init
    Feature record: CXX_FEATURE:1cxx_nullptr
    Feature record: CXX_FEATURE:1cxx_override
    Feature record: CXX_FEATURE:1cxx_range_for
    Feature record: CXX_FEATURE:1cxx_raw_string_literals
    Feature record: CXX_FEATURE:1cxx_reference_qualified_functions
    Feature record: CXX_FEATURE:1cxx_relaxed_constexpr
    Feature record: CXX_FEATURE:1cxx_return_type_deduction
    Feature record: CXX_FEATURE:1cxx_right_angle_brackets
    Feature record: CXX_FEATURE:1cxx_rvalue_references
    Feature record: CXX_FEATURE:1cxx_sizeof_member
    Feature record: CXX_FEATURE:1cxx_static_assert
    Feature record: CXX_FEATURE:1cxx_strong_enums
    Feature record: CXX_FEATURE:1cxx_template_template_parameters
    Feature record: CXX_FEATURE:1cxx_thread_local
    Feature record: CXX_FEATURE:1cxx_trailing_return_types
    Feature record: CXX_FEATURE:1cxx_unicode_literals
    Feature record: CXX_FEATURE:1cxx_uniform_initialization
    Feature record: CXX_FEATURE:1cxx_unrestricted_unions
    Feature record: CXX_FEATURE:1cxx_user_literals
    Feature record: CXX_FEATURE:1cxx_variable_templates
    Feature record: CXX_FEATURE:1cxx_variadic_macros
    Feature record: CXX_FEATURE:1cxx_variadic_templates


Detecting CXX [-std=c++11] compiler features compiled with the following output:
Change Dir: /home/chloe/liquidfun/Box2D/CMakeFiles/CMakeTmp

Run Build Command:"/usr/bin/make" "cmTC_f1b01/fast"
/usr/bin/make -f CMakeFiles/cmTC_f1b01.dir/build.make CMakeFiles/cmTC_f1b01.dir/build
make[1]: Entering directory '/home/chloe/liquidfun/Box2D/CMakeFiles/CMakeTmp'
Building CXX object CMakeFiles/cmTC_f1b01.dir/feature_tests.cxx.o
/usr/bin/c++    -std=c++11 -o CMakeFiles/cmTC_f1b01.dir/feature_tests.cxx.o -c /home/chloe/liquidfun/Box2D/CMakeFiles/feature_tests.cxx
Linking CXX executable cmTC_f1b01
/usr/bin/cmake -E cmake_link_script CMakeFiles/cmTC_f1b01.dir/link.txt --verbose=1
/usr/bin/c++       -rdynamic CMakeFiles/cmTC_f1b01.dir/feature_tests.cxx.o  -o cmTC_f1b01 
make[1]: Leaving directory '/home/chloe/liquidfun/Box2D/CMakeFiles/CMakeTmp'


    Feature record: CXX_FEATURE:0cxx_aggregate_default_initializers
    Feature record: CXX_FEATURE:1cxx_alias_templates
    Feature record: CXX_FEATURE:1cxx_alignas
    Feature record: CXX_FEATURE:1cxx_alignof
    Feature record: CXX_FEATURE:1cxx_attributes
    Feature record: CXX_FEATURE:0cxx_attribute_deprecated
    Feature record: CXX_FEATURE:1cxx_auto_type
    Feature record: CXX_FEATURE:0cxx_binary_literals
    Feature record: CXX_FEATURE:1cxx_constexpr
    Feature record: CXX_FEATURE:0cxx_contextual_conversions
    Feature record: CXX_FEATURE:1cxx_decltype
    Feature record: CXX_FEATURE:0cxx_decltype_auto
    Feature record: CXX_FEATURE:1cxx_decltype_incomplete_return_types
    Feature record: CXX_FEATURE:1cxx_default_function_template_args
    Feature record: CXX_FEATURE:1cxx_defaulted_functions
    Feature record: CXX_FEATURE:1cxx_defaulted_move_initializers
    Feature record: CXX_FEATURE:1cxx_delegating_constructors
    Feature record: CXX_FEATURE:1cxx_deleted_functions
    Feature record: CXX_FEATURE:0cxx_digit_separators
    Feature record: CXX_FEATURE:1cxx_enum_forward_declarations
    Feature record: CXX_FEATURE:1cxx_explicit_conversions
    Feature record: CXX_FEATURE:1cxx_extended_friend_declarations
    Feature record: CXX_FEATURE:1cxx_extern_templates
    Feature record: CXX_FEATURE:1cxx_final
    Feature record: CXX_FEATURE:1cxx_func_identifier
    Feature record: CXX_FEATURE:1cxx_generalized_initializers
    Feature record: CXX_FEATURE:0cxx_generic_lambdas
    Feature record: CXX_FEATURE:1cxx_inheriting_constructors
    Feature record: CXX_FEATURE:1cxx_inline_namespaces
    Feature record: CXX_FEATURE:1cxx_lambdas
    Feature record: CXX_FEATURE:0cxx_lambda_init_captures
    Feature record: CXX_FEATURE:1cxx_local_type_template_args
    Feature record: CXX_FEATURE:1cxx_long_long_type
    Feature record: CXX_FEATURE:1cxx_noexcept
    Feature record: CXX_FEATURE:1cxx_nonstatic_member_init
    Feature record: CXX_FEATURE:1cxx_nullptr
    Feature record: CXX_FEATURE:1cxx_override
    Feature record: CXX_FEATURE:1cxx_range_for
    Feature record: CXX_FEATURE:1cxx_raw_string_literals
    Feature record: CXX_FEATURE:1cxx_reference_qualified_functions
    Feature record: CXX_FEATURE:0cxx_relaxed_constexpr
    Feature record: CXX_FEATURE:0cxx_return_type_deduction
    Feature record: CXX_FEATURE:1cxx_right_angle_brackets
    Feature record: CXX_FEATURE:1cxx_rvalue_references
    Feature record: CXX_FEATURE:1cxx_sizeof_member
    Feature record: CXX_FEATURE:1cxx_static_assert
    Feature record: CXX_FEATURE:1cxx_strong_enums
    Feature record: CXX_FEATURE:1cxx_template_template_parameters
    Feature record: CXX_FEATURE:1cxx_thread_local
    Feature record: CXX_FEATURE:1cxx_trailing_return_types
    Feature record: CXX_FEATURE:1cxx_unicode_literals
    Feature record: CXX_FEATURE:1cxx_uniform_initialization
    Feature record: CXX_FEATURE:1cxx_unrestricted_unions
    Feature record: CXX_FEATURE:1cxx_user_literals
    Feature record: CXX_FEATURE:0cxx_variable_templates
    Feature record: CXX_FEATURE:1cxx_variadic_macros
    Feature record: CXX_FEATURE:1cxx_variadic_templates


Detecting CXX [-std=c++98] compiler features compiled with the following output:
Change Dir: /home/chloe/liquidfun/Box2D/CMakeFiles/CMakeTmp

Run Build Command:"/usr/bin/make" "cmTC_070cd/fast"
/usr/bin/make -f CMakeFiles/cmTC_070cd.dir/build.make CMakeFiles/cmTC_070cd.dir/build
make[1]: Entering directory '/home/chloe/liquidfun/Box2D/CMakeFiles/CMakeTmp'
Building CXX object CMakeFiles/cmTC_070cd.dir/feature_tests.cxx.o
/usr/bin/c++    -std=c++98 -o CMakeFiles/cmTC_070cd.dir/feature_tests.cxx.o -c /home/chloe/liquidfun/Box2D/CMakeFiles/feature_tests.cxx
Linking CXX executable cmTC_070cd
/usr/bin/cmake -E cmake_link_script CMakeFiles/cmTC_070cd.dir/link.txt --verbose=1
/usr/bin/c++       -rdynamic CMakeFiles/cmTC_070cd.dir/feature_tests.cxx.o  -o cmTC_070cd 
make[1]: Leaving directory '/home/chloe/liquidfun/Box2D/CMakeFiles/CMakeTmp'


    Feature record: CXX_FEATURE:0cxx_aggregate_default_initializers
    Feature record: CXX_FEATURE:0cxx_alias_templates
    Feature record: CXX_FEATURE:0cxx_alignas
    Feature record: CXX_FEATURE:0cxx_alignof
    Feature record: CXX_FEATURE:0cxx_attributes
    Feature record: CXX_FEATURE:0cxx_attribute_deprecated
    Feature record: CXX_FEATURE:0cxx_auto_type
    Feature record: CXX_FEATURE:0cxx_binary_literals
    Feature record: CXX_FEATURE:0cxx_constexpr
    Feature record: CXX_FEATURE:0cxx_contextual_conversions
    Feature record: CXX_FEATURE:0cxx_decltype
    Feature record: CXX_FEATURE:0cxx_decltype_auto
    Feature record: CXX_FEATURE:0cxx_decltype_incomplete_return_types
    Feature record: CXX_FEATURE:0cxx_default_function_template_args
    Feature record: CXX_FEATURE:0cxx_defaulted_functions
    Feature record: CXX_FEATURE:0cxx_defaulted_move_initializers
    Feature record: CXX_FEATURE:0cxx_delegating_constructors
    Feature record: CXX_FEATURE:0cxx_deleted_functions
    Feature record: CXX_FEATURE:0cxx_digit_separators
    Feature record: CXX_FEATURE:0cxx_enum_forward_declarations
    Feature record: CXX_FEATURE:0cxx_explicit_conversions
    Feature record: CXX_FEATURE:0cxx_extended_friend_declarations
    Feature record: CXX_FEATURE:0cxx_extern_templates
    Feature record: CXX_FEATURE:0cxx_final
    Feature record: CXX_FEATURE:0cxx_func_identifier
    Feature record: CXX_FEATURE:0cxx_generalized_initializers
    Feature record: CXX_FEATURE:0cxx_generic_lambdas
    Feature record: CXX_FEATURE:0cxx_inheriting_constructors
    Feature record: CXX_FEATURE:0cxx_inline_namespaces
    Feature record: CXX_FEATURE:0cxx_lambdas
    Feature record: CXX_FEATURE:0cxx_lambda_init_captures
    Feature record: CXX_FEATURE:0cxx_local_type_template_args
    Feature record: CXX_FEATURE:0cxx_long_long_type
    Feature record: CXX_FEATURE:0cxx_noexcept
    Feature record: CXX_FEATURE:0cxx_nonstatic_member_init
    Feature record: CXX_FEATURE:0cxx_nullptr
    Feature record: CXX_FEATURE:0cxx_override
    Feature record: CXX_FEATURE:0cxx_range_for
    Feature record: CXX_FEATURE:0cxx_raw_string_literals
    Feature record: CXX_FEATURE:0cxx_reference_qualified_functions
    Feature record: CXX_FEATURE:0cxx_relaxed_constexpr
    Feature record: CXX_FEATURE:0cxx_return_type_deduction
    Feature record: CXX_FEATURE:0cxx_right_angle_brackets
    Feature record: CXX_FEATURE:0cxx_rvalue_references
    Feature record: CXX_FEATURE:0cxx_sizeof_member
    Feature record: CXX_FEATURE:0cxx_static_assert
    Feature record: CXX_FEATURE:0cxx_strong_enums
    Feature record: CXX_FEATURE:1cxx_template_template_parameters
    Feature record: CXX_FEATURE:0cxx_thread_local
    Feature record: CXX_FEATURE:0cxx_trailing_return_types
    Feature record: CXX_FEATURE:0cxx_unicode_literals
    Feature record: CXX_FEATURE:0cxx_uniform_initialization
    Feature record: CXX_FEATURE:0cxx_unrestricted_unions
    Feature record: CXX_FEATURE:0cxx_user_literals
    Feature record: CXX_FEATURE:0cxx_variable_templates
    Feature record: CXX_FEATURE:0cxx_variadic_macros
    Feature record: CXX_FEATURE:0cxx_variadic_templates
Determining if the include file pthread.h exists passed with the following output:
Change Dir: /home/chloe/liquidfun/Box2D/CMakeFiles/CMakeTmp

Run Build Command:"/usr/bin/make" "cmTC_81644/fast"
/usr/bin/make -f CMakeFiles/cmTC_81644.dir/build.make CMakeFiles/cmTC_81644.dir/build
make[1]: Entering directory '/home/chloe/liquidfun/Box2D/CMakeFiles/CMakeTmp'
Building C object CMakeFiles/cmTC_81644.dir/CheckIncludeFile.c.o
/usr/bin/cc    -o CMakeFiles/cmTC_81644.dir/CheckIncludeFile.c.o   -c /home/chloe/liquidfun/Box2D/CMakeFiles/CMakeTmp/CheckIncludeFile.c
Linking C executable cmTC_81644
/usr/bin/cmake -E cmake_link_script CMakeFiles/cmTC_81644.dir/link.txt --verbose=1
/usr/bin/cc      -rdynamic CMakeFiles/cmTC_81644.dir/CheckIncludeFile.c.o  -o cmTC_81644 
make[1]: Leaving directory '/home/chloe/liquidfun/Box2D/CMakeFiles/CMakeTmp'


Determining if the function pthread_create exists in the pthread passed with the following output:
Change Dir: /home/chloe/liquidfun/Box2D/CMakeFiles/CMakeTmp

Run Build Command:"/usr/bin/make" "cmTC_1a7d6/fast"
/usr/bin/make -f CMakeFiles/cmTC_1a7d6.dir/build.make CMakeFiles/cmTC_1a7d6.dir/build
make[1]: Entering directory '/home/chloe/liquidfun/Box2D/CMakeFiles/CMakeTmp'
Building C object CMakeFiles/cmTC_1a7d6.dir/CheckFunctionExists.c.o
/usr/bin/cc   -DCHECK_FUNCTION_EXISTS=pthread_create   -o CMakeFiles/cmTC_1a7d6.dir/CheckFunctionExists.c.o   -c /usr/share/cmake-3.10/Modules/CheckFunctionExists.c
Linking C executable cmTC_1a7d6
/usr/bin/cmake -E cmake_link_script CMakeFiles/cmTC_1a7d6.dir/link.txt --verbose=1
/usr/bin/cc  -DCHECK_FUNCTION_EXISTS=pthread_create    -rdynamic CMakeFiles/cmTC_1a7d6.dir/CheckFunctionExists.c.o  -o cmTC_1a7d6 -lpthread 
make[1]: Leaving directory '/home/chloe/liquidfun/Box2D/CMakeFiles/CMakeTmp'


Determining if the function XOpenDisplay exists in the /usr/lib/x86_64-linux-gnu/libX11.so;/usr/lib/x86_64-linux-gnu/libXext.so passed with the following output:
Change Dir: /home/chloe/liquidfun/Box2D/CMakeFiles/CMakeTmp

Run Build Command:"/usr/bin/make" "cmTC_31b5f/fast"
/usr/bin/make -f CMakeFiles/cmTC_31b5f.dir/build.make CMakeFiles/cmTC_31b5f.dir/build
make[1]: Entering directory '/home/chloe/liquidfun/Box2D/CMakeFiles/CMakeTmp'
Building C object CMakeFiles/cmTC_31b5f.dir/CheckFunctionExists.c.o
/usr/bin/cc   -DDEBUG=0 -Wall -Wno-long-long -Wno-variadic-macros -Wall -DCHECK_FUNCTION_EXISTS=XOpenDisplay   -o CMakeFiles/cmTC_31b5f.dir/CheckFunctionExists.c.o   -c /usr/share/cmake-3.10/Modules/CheckFunctionExists.c
Linking C executable cmTC_31b5f
/usr/bin/cmake -E cmake_link_script CMakeFiles/cmTC_31b5f.dir/link.txt --verbose=1
/usr/bin/cc  -DDEBUG=0 -Wall -Wno-long-long -Wno-variadic-macros -Wall -DCHECK_FUNCTION_EXISTS=XOpenDisplay    -rdynamic CMakeFiles/cmTC_31b5f.dir/CheckFunctionExists.c.o  -o cmTC_31b5f /usr/lib/x86_64-linux-gnu/libX11.so /usr/lib/x86_64-linux-gnu/libXext.so -lm 
make[1]: Leaving directory '/home/chloe/liquidfun/Box2D/CMakeFiles/CMakeTmp'


Determining if the function gethostbyname exists passed with the following output:
Change Dir: /home/chloe/liquidfun/Box2D/CMakeFiles/CMakeTmp

Run Build Command:"/usr/bin/make" "cmTC_ef506/fast"
/usr/bin/make -f CMakeFiles/cmTC_ef506.dir/build.make CMakeFiles/cmTC_ef506.dir/build
make[1]: Entering directory '/home/chloe/liquidfun/Box2D/CMakeFiles/CMakeTmp'
Building C object CMakeFiles/cmTC_ef506.dir/CheckFunctionExists.c.o
/usr/bin/cc   -DDEBUG=0 -Wall -Wno-long-long -Wno-variadic-macros -Wall -DCHECK_FUNCTION_EXISTS=gethostbyname   -o CMakeFiles/cmTC_ef506.dir/CheckFunctionExists.c.o   -c /usr/share/cmake-3.10/Modules/CheckFunctionExists.c
Linking C executable cmTC_ef506
/usr/bin/cmake -E cmake_link_script CMakeFiles/cmTC_ef506.dir/link.txt --verbose=1
/usr/bin/cc  -DDEBUG=0 -Wall -Wno-long-long -Wno-variadic-macros -Wall -DCHECK_FUNCTION_EXISTS=gethostbyname    -rdynamic CMakeFiles/cmTC_ef506.dir/CheckFunctionExists.c.o  -o cmTC_ef506 -lm 
make[1]: Leaving directory '/home/chloe/liquidfun/Box2D/CMakeFiles/CMakeTmp'


Determining if the function connect exists passed with the following output:
Change Dir: /home/chloe/liquidfun/Box2D/CMakeFiles/CMakeTmp

Run Build Command:"/usr/bin/make" "cmTC_0631c/fast"
/usr/bin/make -f CMakeFiles/cmTC_0631c.dir/build.make CMakeFiles/cmTC_0631c.dir/build
make[1]: Entering directory '/home/chloe/liquidfun/Box2D/CMakeFiles/CMakeTmp'
Building C object CMakeFiles/cmTC_0631c.dir/CheckFunctionExists.c.o
/usr/bin/cc   -DDEBUG=0 -Wall -Wno-long-long -Wno-variadic-macros -Wall -DCHECK_FUNCTION_EXISTS=connect   -o CMakeFiles/cmTC_0631c.dir/CheckFunctionExists.c.o   -c /usr/share/cmake-3.10/Modules/CheckFunctionExists.c
Linking C executable cmTC_0631c
/usr/bin/cmake -E cmake_link_script CMakeFiles/cmTC_0631c.dir/link.txt --verbose=1
/usr/bin/cc  -DDEBUG=0 -Wall -Wno-long-long -Wno-variadic-macros -Wall -DCHECK_FUNCTION_EXISTS=connect    -rdynamic CMakeFiles/cmTC_0631c.dir/CheckFunctionExists.c.o  -o cmTC_0631c -lm 
make[1]: Leaving directory '/home/chloe/liquidfun/Box2D/CMakeFiles/CMakeTmp'


Determining if the function remove exists passed with the following output:
Change Dir: /home/chloe/liquidfun/Box2D/CMakeFiles/CMakeTmp

Run Build Command:"/usr/bin/make" "cmTC_86efe/fast"
/usr/bin/make -f CMakeFiles/cmTC_86efe.dir/build.make CMakeFiles/cmTC_86efe.dir/build
make[1]: Entering directory '/home/chloe/liquidfun/Box2D/CMakeFiles/CMakeTmp'
Building C object CMakeFiles/cmTC_86efe.dir/CheckFunctionExists.c.o
/usr/bin/cc   -DDEBUG=0 -Wall -Wno-long-long -Wno-variadic-macros -Wall -DCHECK_FUNCTION_EXISTS=remove   -o CMakeFiles/cmTC_86efe.dir/CheckFunctionExists.c.o   -c /usr/share/cmake-3.10/Modules/CheckFunctionExists.c
Linking C executable cmTC_86efe
/usr/bin/cmake -E cmake_link_script CMakeFiles/cmTC_86efe.dir/link.txt --verbose=1
/usr/bin/cc  -DDEBUG=0 -Wall -Wno-long-long -Wno-variadic-macros -Wall -DCHECK_FUNCTION_EXISTS=remove    -rdynamic CMakeFiles/cmTC_86efe.dir/CheckFunctionExists.c.o  -o cmTC_86efe -lm 
make[1]: Leaving directory '/home/chloe/liquidfun/Box2D/CMakeFiles/CMakeTmp'


Determining if the function shmat exists passed with the following output:
Change Dir: /home/chloe/liquidfun/Box2D/CMakeFiles/CMakeTmp

Run Build Command:"/usr/bin/make" "cmTC_0450f/fast"
/usr/bin/make -f CMakeFiles/cmTC_0450f.dir/build.make CMakeFiles/cmTC_0450f.dir/build
make[1]: Entering directory '/home/chloe/liquidfun/Box2D/CMakeFiles/CMakeTmp'
Building C object CMakeFiles/cmTC_0450f.dir/CheckFunctionExists.c.o
/usr/bin/cc   -DDEBUG=0 -Wall -Wno-long-long -Wno-variadic-macros -Wall -DCHECK_FUNCTION_EXISTS=shmat   -o CMakeFiles/cmTC_0450f.dir/CheckFunctionExists.c.o   -c /usr/share/cmake-3.10/Modules/CheckFunctionExists.c
Linking C executable cmTC_0450f
/usr/bin/cmake -E cmake_link_script CMakeFiles/cmTC_0450f.dir/link.txt --verbose=1
/usr/bin/cc  -DDEBUG=0 -Wall -Wno-long-long -Wno-variadic-macros -Wall -DCHECK_FUNCTION_EXISTS=shmat    -rdynamic CMakeFiles/cmTC_0450f.dir/CheckFunctionExists.c.o  -o cmTC_0450f -lm 
make[1]: Leaving directory '/home/chloe/liquidfun/Box2D/CMakeFiles/CMakeTmp'


Determining if files /usr/include/X11/extensions/XInput2.h exist passed with the following output:
Change Dir: /home/chloe/liquidfun/Box2D/CMakeFiles/CMakeTmp

Run Build Command:"/usr/bin/make" "cmTC_367aa/fast"
/usr/bin/make -f CMakeFiles/cmTC_367aa.dir/build.make CMakeFiles/cmTC_367aa.dir/build
make[1]: Entering directory '/home/chloe/liquidfun/Box2D/CMakeFiles/CMakeTmp'
Building C object CMakeFiles/cmTC_367aa.dir/CheckIncludeFiles.c.o
/usr/bin/cc   -DDEBUG=0 -Wall -Wno-long-long -Wno-variadic-macros -Wall    -o CMakeFiles/cmTC_367aa.dir/CheckIncludeFiles.c.o   -c /home/chloe/liquidfun/Box2D/CMakeFiles/CMakeTmp/CheckIncludeFiles.c
Linking C executable cmTC_367aa
/usr/bin/cmake -E cmake_link_script CMakeFiles/cmTC_367aa.dir/link.txt --verbose=1
/usr/bin/cc  -DDEBUG=0 -Wall -Wno-long-long -Wno-variadic-macros -Wall     -rdynamic CMakeFiles/cmTC_367aa.dir/CheckIncludeFiles.c.o  -o cmTC_367aa 
make[1]: Leaving directory '/home/chloe/liquidfun/Box2D/CMakeFiles/CMakeTmp'


Determining if files sys/types.h exist passed with the following output:
Change Dir: /home/chloe/liquidfun/Box2D/CMakeFiles/CMakeTmp

Run Build Command:"/usr/bin/make" "cmTC_ba963/fast"
/usr/bin/make -f CMakeFiles/cmTC_ba963.dir/build.make CMakeFiles/cmTC_ba963.dir/build
make[1]: Entering directory '/home/chloe/liquidfun/Box2D/CMakeFiles/CMakeTmp'
Building C object CMakeFiles/cmTC_ba963.dir/CheckIncludeFiles.c.o
/usr/bin/cc   -DDEBUG=0 -Wall -Wno-long-long -Wno-variadic-macros -Wall    -o CMakeFiles/cmTC_ba963.dir/CheckIncludeFiles.c.o   -c /home/chloe/liquidfun/Box2D/CMakeFiles/CMakeTmp/CheckIncludeFiles.c
Linking C executable cmTC_ba963
/usr/bin/cmake -E cmake_link_script CMakeFiles/cmTC_ba963.dir/link.txt --verbose=1
/usr/bin/cc  -DDEBUG=0 -Wall -Wno-long-long -Wno-variadic-macros -Wall     -rdynamic CMakeFiles/cmTC_ba963.dir/CheckIncludeFiles.c.o  -o cmTC_ba963 
make[1]: Leaving directory '/home/chloe/liquidfun/Box2D/CMakeFiles/CMakeTmp'


Determining if files unistd.h exist passed with the following output:
Change Dir: /home/chloe/liquidfun/Box2D/CMakeFiles/CMakeTmp

Run Build Command:"/usr/bin/make" "cmTC_2dc15/fast"
/usr/bin/make -f CMakeFiles/cmTC_2dc15.dir/build.make CMakeFiles/cmTC_2dc15.dir/build
make[1]: Entering directory '/home/chloe/liquidfun/Box2D/CMakeFiles/CMakeTmp'
Building C object CMakeFiles/cmTC_2dc15.dir/CheckIncludeFiles.c.o
/usr/bin/cc   -DDEBUG=0 -Wall -Wno-long-long -Wno-variadic-macros -Wall    -o CMakeFiles/cmTC_2dc15.dir/CheckIncludeFiles.c.o   -c /home/chloe/liquidfun/Box2D/CMakeFiles/CMakeTmp/CheckIncludeFiles.c
Linking C executable cmTC_2dc15
/usr/bin/cmake -E cmake_link_script CMakeFiles/cmTC_2dc15.dir/link.txt --verbose=1
/usr/bin/cc  -DDEBUG=0 -Wall -Wno-long-long -Wno-variadic-macros -Wall     -rdynamic CMakeFiles/cmTC_2dc15.dir/CheckIncludeFiles.c.o  -o cmTC_2dc15 
make[1]: Leaving directory '/home/chloe/liquidfun/Box2D/CMakeFiles/CMakeTmp'


Determining if files sys/time.h exist passed with the following output:
Change Dir: /home/chloe/liquidfun/Box2D/CMakeFiles/CMakeTmp

Run Build Command:"/usr/bin/make" "cmTC_ef5fe/fast"
/usr/bin/make -f CMakeFiles/cmTC_ef5fe.dir/build.make CMakeFiles/cmTC_ef5fe.dir/build
make[1]: Entering directory '/home/chloe/liquidfun/Box2D/CMakeFiles/CMakeTmp'
Building C object CMakeFiles/cmTC_ef5fe.dir/CheckIncludeFiles.c.o
/usr/bin/cc   -DDEBUG=0 -Wall -Wno-long-long -Wno-variadic-macros -Wall    -o CMakeFiles/cmTC_ef5fe.dir/CheckIncludeFiles.c.o   -c /home/chloe/liquidfun/Box2D/CMakeFiles/CMakeTmp/CheckIncludeFiles.c
Linking C executable cmTC_ef5fe
/usr/bin/cmake -E cmake_link_script CMakeFiles/cmTC_ef5fe.dir/link.txt --verbose=1
/usr/bin/cc  -DDEBUG=0 -Wall -Wno-long-long -Wno-variadic-macros -Wall     -rdynamic CMakeFiles/cmTC_ef5fe.dir/CheckIncludeFiles.c.o  -o cmTC_ef5fe 
make[1]: Leaving directory '/home/chloe/liquidfun/Box2D/CMakeFiles/CMakeTmp'


Determining if files stdbool.h exist passed with the following output:
Change Dir: /home/chloe/liquidfun/Box2D/CMakeFiles/CMakeTmp

Run Build Command:"/usr/bin/make" "cmTC_4b11e/fast"
/usr/bin/make -f CMakeFiles/cmTC_4b11e.dir/build.make CMakeFiles/cmTC_4b11e.dir/build
make[1]: Entering directory '/home/chloe/liquidfun/Box2D/CMakeFiles/CMakeTmp'
Building C object CMakeFiles/cmTC_4b11e.dir/CheckIncludeFiles.c.o
/usr/bin/cc   -DDEBUG=0 -Wall -Wno-long-long -Wno-variadic-macros -Wall    -o CMakeFiles/cmTC_4b11e.dir/CheckIncludeFiles.c.o   -c /home/chloe/liquidfun/Box2D/CMakeFiles/CMakeTmp/CheckIncludeFiles.c
Linking C executable cmTC_4b11e
/usr/bin/cmake -E cmake_link_script CMakeFiles/cmTC_4b11e.dir/link.txt --verbose=1
/usr/bin/cc  -DDEBUG=0 -Wall -Wno-long-long -Wno-variadic-macros -Wall     -rdynamic CMakeFiles/cmTC_4b11e.dir/CheckIncludeFiles.c.o  -o cmTC_4b11e 
make[1]: Leaving directory '/home/chloe/liquidfun/Box2D/CMakeFiles/CMakeTmp'


Determining if files sys/param.h exist passed with the following output:
Change Dir: /home/chloe/liquidfun/Box2D/CMakeFiles/CMakeTmp

Run Build Command:"/usr/bin/make" "cmTC_e9180/fast"
/usr/bin/make -f CMakeFiles/cmTC_e9180.dir/build.make CMakeFiles/cmTC_e9180.dir/build
make[1]: Entering directory '/home/chloe/liquidfun/Box2D/CMakeFiles/CMakeTmp'
Building C object CMakeFiles/cmTC_e9180.dir/CheckIncludeFiles.c.o
/usr/bin/cc   -DDEBUG=0 -Wall -Wno-long-long -Wno-variadic-macros -Wall    -o CMakeFiles/cmTC_e9180.dir/CheckIncludeFiles.c.o   -c /home/chloe/liquidfun/Box2D/CMakeFiles/CMakeTmp/CheckIncludeFiles.c
Linking C executable cmTC_e9180
/usr/bin/cmake -E cmake_link_script CMakeFiles/cmTC_e9180.dir/link.txt --verbose=1
/usr/bin/cc  -DDEBUG=0 -Wall -Wno-long-long -Wno-variadic-macros -Wall     -rdynamic CMakeFiles/cmTC_e9180.dir/CheckIncludeFiles.c.o  -o cmTC_e9180 
make[1]: Leaving directory '/home/chloe/liquidfun/Box2D/CMakeFiles/CMakeTmp'


Determining if files sys/ioctl.h exist passed with the following output:
Change Dir: /home/chloe/liquidfun/Box2D/CMakeFiles/CMakeTmp

Run Build Command:"/usr/bin/make" "cmTC_d29e3/fast"
/usr/bin/make -f CMakeFiles/cmTC_d29e3.dir/build.make CMakeFiles/cmTC_d29e3.dir/build
make[1]: Entering directory '/home/chloe/liquidfun/Box2D/CMakeFiles/CMakeTmp'
Building C object CMakeFiles/cmTC_d29e3.dir/CheckIncludeFiles.c.o
/usr/bin/cc   -DDEBUG=0 -Wall -Wno-long-long -Wno-variadic-macros -Wall    -o CMakeFiles/cmTC_d29e3.dir/CheckIncludeFiles.c.o   -c /home/chloe/liquidfun/Box2D/CMakeFiles/CMakeTmp/CheckIncludeFiles.c
Linking C executable cmTC_d29e3
/usr/bin/cmake -E cmake_link_script CMakeFiles/cmTC_d29e3.dir/link.txt --verbose=1
/usr/bin/cc  -DDEBUG=0 -Wall -Wno-long-long -Wno-variadic-macros -Wall     -rdynamic CMakeFiles/cmTC_d29e3.dir/CheckIncludeFiles.c.o  -o cmTC_d29e3 
make[1]: Leaving directory '/home/chloe/liquidfun/Box2D/CMakeFiles/CMakeTmp'


Determining if files fcntl.h exist passed with the following output:
Change Dir: /home/chloe/liquidfun/Box2D/CMakeFiles/CMakeTmp

Run Build Command:"/usr/bin/make" "cmTC_59d9a/fast"
/usr/bin/make -f CMakeFiles/cmTC_59d9a.dir/build.make CMakeFiles/cmTC_59d9a.dir/build
make[1]: Entering directory '/home/chloe/liquidfun/Box2D/CMakeFiles/CMakeTmp'
Building C object CMakeFiles/cmTC_59d9a.dir/CheckIncludeFiles.c.o
/usr/bin/cc   -DDEBUG=0 -Wall -Wno-long-long -Wno-variadic-macros -Wall    -o CMakeFiles/cmTC_59d9a.dir/CheckIncludeFiles.c.o   -c /home/chloe/liquidfun/Box2D/CMakeFiles/CMakeTmp/CheckIncludeFiles.c
Linking C executable cmTC_59d9a
/usr/bin/cmake -E cmake_link_script CMakeFiles/cmTC_59d9a.dir/link.txt --verbose=1
/usr/bin/cc  -DDEBUG=0 -Wall -Wno-long-long -Wno-variadic-macros -Wall     -rdynamic CMakeFiles/cmTC_59d9a.dir/CheckIncludeFiles.c.o  -o cmTC_59d9a 
make[1]: Leaving directory '/home/chloe/liquidfun/Box2D/CMakeFiles/CMakeTmp'


Determining if files errno.h exist passed with the following output:
Change Dir: /home/chloe/liquidfun/Box2D/CMakeFiles/CMakeTmp

Run Build Command:"/usr/bin/make" "cmTC_c15a8/fast"
/usr/bin/make -f CMakeFiles/cmTC_c15a8.dir/build.make CMakeFiles/cmTC_c15a8.dir/build
make[1]: Entering directory '/home/chloe/liquidfun/Box2D/CMakeFiles/CMakeTmp'
Building C object CMakeFiles/cmTC_c15a8.dir/CheckIncludeFiles.c.o
/usr/bin/cc   -DDEBUG=0 -Wall -Wno-long-long -Wno-variadic-macros -Wall    -o CMakeFiles/cmTC_c15a8.dir/CheckIncludeFiles.c.o   -c /home/chloe/liquidfun/Box2D/CMakeFiles/CMakeTmp/CheckIncludeFiles.c
Linking C executable cmTC_c15a8
/usr/bin/cmake -E cmake_link_script CMakeFiles/cmTC_c15a8.dir/link.txt --verbose=1
/usr/bin/cc  -DDEBUG=0 -Wall -Wno-long-long -Wno-variadic-macros -Wall     -rdynamic CMakeFiles/cmTC_c15a8.dir/CheckIncludeFiles.c.o  -o cmTC_c15a8 
make[1]: Leaving directory '/home/chloe/liquidfun/Box2D/CMakeFiles/CMakeTmp'


Determining if the function gettimeofday exists passed with the following output:
Change Dir: /home/chloe/liquidfun/Box2D/CMakeFiles/CMakeTmp

Run Build Command:"/usr/bin/make" "cmTC_55f3d/fast"
/usr/bin/make -f CMakeFiles/cmTC_55f3d.dir/build.make CMakeFiles/cmTC_55f3d.dir/build
make[1]: Entering directory '/home/chloe/liquidfun/Box2D/CMakeFiles/CMakeTmp'
Building C object CMakeFiles/cmTC_55f3d.dir/CheckFunctionExists.c.o
/usr/bin/cc   -DDEBUG=0 -Wall -Wno-long-long -Wno-variadic-macros -Wall -DCHECK_FUNCTION_EXISTS=gettimeofday   -o CMakeFiles/cmTC_55f3d.dir/CheckFunctionExists.c.o   -c /usr/share/cmake-3.10/Modules/CheckFunctionExists.c
Linking C executable cmTC_55f3d
/usr/bin/cmake -E cmake_link_script CMakeFiles/cmTC_55f3d.dir/link.txt --verbose=1
/usr/bin/cc  -DDEBUG=0 -Wall -Wno-long-long -Wno-variadic-macros -Wall -DCHECK_FUNCTION_EXISTS=gettimeofday    -rdynamic CMakeFiles/cmTC_55f3d.dir/CheckFunctionExists.c.o  -o cmTC_55f3d -lm 
make[1]: Leaving directory '/home/chloe/liquidfun/Box2D/CMakeFiles/CMakeTmp'


Determining if the function vfprintf exists passed with the following output:
Change Dir: /home/chloe/liquidfun/Box2D/CMakeFiles/CMakeTmp

Run Build Command:"/usr/bin/make" "cmTC_a6f9f/fast"
/usr/bin/make -f CMakeFiles/cmTC_a6f9f.dir/build.make CMakeFiles/cmTC_a6f9f.dir/build
make[1]: Entering directory '/home/chloe/liquidfun/Box2D/CMakeFiles/CMakeTmp'
Building C object CMakeFiles/cmTC_a6f9f.dir/CheckFunctionExists.c.o
/usr/bin/cc   -DDEBUG=0 -Wall -Wno-long-long -Wno-variadic-macros -Wall -DCHECK_FUNCTION_EXISTS=vfprintf   -o CMakeFiles/cmTC_a6f9f.dir/CheckFunctionExists.c.o   -c /usr/share/cmake-3.10/Modules/CheckFunctionExists.c
<command-line>:0:23: warning: conflicting types for built-in function vfprintf [-Wbuiltin-declaration-mismatch]
/usr/share/cmake-3.10/Modules/CheckFunctionExists.c:7:3: note: in expansion of macro CHECK_FUNCTION_EXISTS
   CHECK_FUNCTION_EXISTS(void);
   ^~~~~~~~~~~~~~~~~~~~~
Linking C executable cmTC_a6f9f
/usr/bin/cmake -E cmake_link_script CMakeFiles/cmTC_a6f9f.dir/link.txt --verbose=1
/usr/bin/cc  -DDEBUG=0 -Wall -Wno-long-long -Wno-variadic-macros -Wall -DCHECK_FUNCTION_EXISTS=vfprintf    -rdynamic CMakeFiles/cmTC_a6f9f.dir/CheckFunctionExists.c.o  -o cmTC_a6f9f -lm 
make[1]: Leaving directory '/home/chloe/liquidfun/Box2D/CMakeFiles/CMakeTmp'


Determining if files stdint.h exist passed with the following output:
Change Dir: /home/chloe/liquidfun/Box2D/CMakeFiles/CMakeTmp

Run Build Command:"/usr/bin/make" "cmTC_3e7e4/fast"
/usr/bin/make -f CMakeFiles/cmTC_3e7e4.dir/build.make CMakeFiles/cmTC_3e7e4.dir/build
make[1]: Entering directory '/home/chloe/liquidfun/Box2D/CMakeFiles/CMakeTmp'
Building C object CMakeFiles/cmTC_3e7e4.dir/CheckIncludeFiles.c.o
/usr/bin/cc   -DDEBUG=0 -Wall -Wno-long-long -Wno-variadic-macros -Wall    -o CMakeFiles/cmTC_3e7e4.dir/CheckIncludeFiles.c.o   -c /home/chloe/liquidfun/Box2D/CMakeFiles/CMakeTmp/CheckIncludeFiles.c
Linking C executable cmTC_3e7e4
/usr/bin/cmake -E cmake_link_script CMakeFiles/cmTC_3e7e4.dir/link.txt --verbose=1
/usr/bin/cc  -DDEBUG=0 -Wall -Wno-long-long -Wno-variadic-macros -Wall     -rdynamic CMakeFiles/cmTC_3e7e4.dir/CheckIncludeFiles.c.o  -o cmTC_3e7e4 
make[1]: Leaving directory '/home/chloe/liquidfun/Box2D/CMakeFiles/CMakeTmp'


Determining if files inttypes.h exist passed with the following output:
Change Dir: /home/chloe/liquidfun/Box2D/CMakeFiles/CMakeTmp

Run Build Command:"/usr/bin/make" "cmTC_3ec2d/fast"
/usr/bin/make -f CMakeFiles/cmTC_3ec2d.dir/build.make CMakeFiles/cmTC_3ec2d.dir/build
make[1]: Entering directory '/home/chloe/liquidfun/Box2D/CMakeFiles/CMakeTmp'
Building C object CMakeFiles/cmTC_3ec2d.dir/CheckIncludeFiles.c.o
/usr/bin/cc   -DDEBUG=0 -Wall -Wno-long-long -Wno-variadic-macros -Wall    -o CMakeFiles/cmTC_3ec2d.dir/CheckIncludeFiles.c.o   -c /home/chloe/liquidfun/Box2D/CMakeFiles/CMakeTmp/CheckIncludeFiles.c
Linking C executable cmTC_3ec2d
/usr/bin/cmake -E cmake_link_script CMakeFiles/cmTC_3ec2d.dir/link.txt --verbose=1
/usr/bin/cc  -DDEBUG=0 -Wall -Wno-long-long -Wno-variadic-macros -Wall     -rdynamic CMakeFiles/cmTC_3ec2d.dir/CheckIncludeFiles.c.o  -o cmTC_3ec2d 
make[1]: Leaving directory '/home/chloe/liquidfun/Box2D/CMakeFiles/CMakeTmp'


